2022-10-09 13:43:58,345  INFO [main] SauceDemoProjects:40 - browser is open
2022-10-09 13:43:58,357  INFO [main] SauceDemoProjects:43 - Window is maximize
2022-10-09 13:44:00,458  INFO [main] SauceDemoProjects:46 - url is open
2022-10-09 13:44:00,627  INFO [main] SauceDemoProjects:54 - username is enter
2022-10-09 13:44:00,711  INFO [main] SauceDemoProjects:56 - password is enter
2022-10-09 13:44:06,045  INFO [main] SauceDemoProjects:58 - click on loginbutton
2022-10-09 13:44:06,499  INFO [main] SauceDemoProjects:68 - Screenshot is done
2022-10-09 13:44:06,522  INFO [main] SauceDemoProjects:27 - apply validation
2022-10-09 13:44:07,839  INFO [main] SauceDemoProjects:76 - end of programs
2022-10-09 13:44:10,759  INFO [main] SauceDemoProjects:40 - browser is open
2022-10-09 13:44:10,765  INFO [main] SauceDemoProjects:43 - Window is maximize
2022-10-09 13:44:44,634  INFO [main] SauceDemoProjects:46 - url is open
2022-10-09 13:44:44,813  INFO [main] SauceDemoProjects:54 - username is enter
2022-10-09 13:44:44,857  INFO [main] SauceDemoProjects:56 - password is enter
2022-10-09 13:44:50,130  INFO [main] SauceDemoProjects:58 - click on loginbutton
2022-10-09 13:44:50,328  INFO [main] SauceDemoProjects:68 - Screenshot is done
2022-10-09 13:44:50,575  INFO [main] SauceDemoProjects:31 - menu button is clicked
2022-10-09 13:44:50,816  INFO [main] SauceDemoProjects:33 - click on logout button
2022-10-09 13:44:52,022  INFO [main] SauceDemoProjects:76 - end of programs
2022-10-09 13:44:55,329  INFO [main] SauceDemoProjects:40 - browser is open
2022-10-09 13:44:55,334  INFO [main] SauceDemoProjects:43 - Window is maximize
2022-10-09 13:44:56,470  INFO [main] SauceDemoProjects:46 - url is open
2022-10-09 13:44:56,702  INFO [main] SauceDemoProjects:54 - username is enter
2022-10-09 13:44:56,777  INFO [main] SauceDemoProjects:56 - password is enter
2022-10-09 13:45:02,128  INFO [main] SauceDemoProjects:58 - click on loginbutton
2022-10-09 13:45:02,328  INFO [main] SauceDemoProjects:68 - Screenshot is done
2022-10-09 13:45:02,571  INFO [main] SauceDemoProjects:33 - bag product is selected
2022-10-09 13:45:02,830  INFO [main] SauceDemoProjects:40 - Product quantity is:1
2022-10-09 13:45:04,108  INFO [main] SauceDemoProjects:76 - end of programs
2022-10-09 13:45:07,067  INFO [main] SauceDemoProjects:40 - browser is open
2022-10-09 13:45:07,084  INFO [main] SauceDemoProjects:43 - Window is maximize
2022-10-09 13:45:08,267  INFO [main] SauceDemoProjects:46 - url is open
2022-10-09 13:45:08,402  INFO [main] SauceDemoProjects:54 - username is enter
2022-10-09 13:45:08,458  INFO [main] SauceDemoProjects:56 - password is enter
2022-10-09 13:45:13,750  INFO [main] SauceDemoProjects:58 - click on loginbutton
2022-10-09 13:45:13,907  INFO [main] SauceDemoProjects:68 - Screenshot is done
2022-10-09 13:45:15,295  INFO [main] SauceDemoProjects:31 - all products are selected
2022-10-09 13:45:15,495  INFO [main] SauceDemoProjects:38 - no of products are=6
2022-10-09 13:45:16,298  INFO [main] SauceDemoProjects:76 - end of programs
2022-10-09 13:45:19,426  INFO [main] SauceDemoProjects:40 - browser is open
2022-10-09 13:45:19,431  INFO [main] SauceDemoProjects:43 - Window is maximize
2022-10-09 13:45:24,740  INFO [main] SauceDemoProjects:46 - url is open
2022-10-09 13:45:24,838  INFO [main] SauceDemoProjects:54 - username is enter
2022-10-09 13:45:24,876  INFO [main] SauceDemoProjects:56 - password is enter
2022-10-09 13:45:30,166  INFO [main] SauceDemoProjects:58 - click on loginbutton
2022-10-09 13:45:30,236  INFO [main] SauceDemoProjects:68 - Screenshot is done
2022-10-09 13:45:35,921  INFO [main] SauceDemoProjects:31 - dropFiltertext:Price (high to low)
2022-10-09 13:45:36,727  INFO [main] SauceDemoProjects:76 - end of programs
2022-10-09 13:52:05,573  INFO [main] SauceDemoProjects:40 - browser is open
2022-10-09 13:52:05,740  INFO [main] SauceDemoProjects:43 - Window is maximize
2022-10-09 13:52:07,074  INFO [main] SauceDemoProjects:46 - url is open
2022-10-09 13:52:07,518  INFO [main] SauceDemoProjects:54 - username is enter
2022-10-09 13:52:07,633  INFO [main] SauceDemoProjects:56 - password is enter
2022-10-09 13:52:12,790  INFO [main] SauceDemoProjects:58 - click on loginbutton
2022-10-09 13:52:13,487  INFO [main] SauceDemoProjects:68 - Screenshot is done
2022-10-09 13:52:13,504  INFO [main] SauceDemoProjects:27 - apply validation
2022-10-09 13:52:14,036  INFO [main] SauceDemoProjects:76 - end of programs
2022-10-09 13:52:15,340  INFO [main] SauceDemoProjects:40 - browser is open
2022-10-09 13:52:15,475  INFO [main] SauceDemoProjects:43 - Window is maximize
2022-10-09 13:52:16,284  INFO [main] SauceDemoProjects:46 - url is open
2022-10-09 13:52:16,472  INFO [main] SauceDemoProjects:54 - username is enter
2022-10-09 13:52:16,573  INFO [main] SauceDemoProjects:56 - password is enter
2022-10-09 13:52:21,691  INFO [main] SauceDemoProjects:58 - click on loginbutton
2022-10-09 13:52:22,020  INFO [main] SauceDemoProjects:68 - Screenshot is done
2022-10-09 13:52:22,078  INFO [main] SauceDemoProjects:31 - menu button is clicked
2022-10-09 13:52:22,217  INFO [main] SauceDemoProjects:76 - end of programs
2022-10-09 13:52:23,656  INFO [main] SauceDemoProjects:40 - browser is open
2022-10-09 13:52:23,782  INFO [main] SauceDemoProjects:43 - Window is maximize
2022-10-09 13:52:25,460  INFO [main] SauceDemoProjects:46 - url is open
2022-10-09 13:52:25,580  INFO [main] SauceDemoProjects:54 - username is enter
2022-10-09 13:52:25,654  INFO [main] SauceDemoProjects:56 - password is enter
2022-10-09 13:52:30,755  INFO [main] SauceDemoProjects:58 - click on loginbutton
2022-10-09 13:52:30,959  INFO [main] SauceDemoProjects:68 - Screenshot is done
2022-10-09 13:52:31,009  INFO [main] SauceDemoProjects:33 - bag product is selected
2022-10-09 13:52:31,218  INFO [main] SauceDemoProjects:40 - Product quantity is:1
2022-10-09 13:52:31,311  INFO [main] SauceDemoProjects:76 - end of programs
2022-10-09 13:52:32,765  INFO [main] SauceDemoProjects:40 - browser is open
2022-10-09 13:52:32,913  INFO [main] SauceDemoProjects:43 - Window is maximize
2022-10-09 13:52:33,762  INFO [main] SauceDemoProjects:46 - url is open
2022-10-09 13:52:33,933  INFO [main] SauceDemoProjects:54 - username is enter
2022-10-09 13:52:34,032  INFO [main] SauceDemoProjects:56 - password is enter
2022-10-09 13:52:39,161  INFO [main] SauceDemoProjects:58 - click on loginbutton
2022-10-09 13:52:39,732  INFO [main] SauceDemoProjects:68 - Screenshot is done
2022-10-09 13:52:39,962  INFO [main] SauceDemoProjects:31 - all products are selected
2022-10-09 13:52:40,481  INFO [main] SauceDemoProjects:38 - no of products are=6
2022-10-09 13:52:40,613  INFO [main] SauceDemoProjects:76 - end of programs
2022-10-09 13:52:41,962  INFO [main] SauceDemoProjects:40 - browser is open
2022-10-09 13:52:42,106  INFO [main] SauceDemoProjects:43 - Window is maximize
2022-10-09 13:52:42,807  INFO [main] SauceDemoProjects:46 - url is open
2022-10-09 13:52:42,978  INFO [main] SauceDemoProjects:54 - username is enter
2022-10-09 13:52:43,069  INFO [main] SauceDemoProjects:56 - password is enter
2022-10-09 13:52:48,191  INFO [main] SauceDemoProjects:58 - click on loginbutton
2022-10-09 13:52:48,807  INFO [main] SauceDemoProjects:68 - Screenshot is done
2022-10-09 13:52:54,468  INFO [main] SauceDemoProjects:31 - dropFiltertext:Price (high to low)
2022-10-09 13:52:54,626  INFO [main] SauceDemoProjects:76 - end of programs
2022-10-09 16:29:18,724  INFO [main] SauceDemoProjects:40 - browser is open
2022-10-09 16:29:18,892  INFO [main] SauceDemoProjects:43 - Window is maximize
2022-10-09 16:29:19,918  INFO [main] SauceDemoProjects:46 - url is open
2022-10-09 16:29:20,263  INFO [main] SauceDemoProjects:54 - username is enter
2022-10-09 16:29:20,385  INFO [main] SauceDemoProjects:56 - password is enter
2022-10-09 16:29:25,548  INFO [main] SauceDemoProjects:58 - click on loginbutton
2022-10-09 16:29:26,353  INFO [main] SauceDemoProjects:68 - Screenshot is done
2022-10-09 16:29:26,379  INFO [main] SauceDemoProjects:27 - apply validation
2022-10-09 16:29:27,240  INFO [main] SauceDemoProjects:76 - end of programs
2022-10-09 16:29:28,896  INFO [main] SauceDemoProjects:40 - browser is open
2022-10-09 16:29:29,045  INFO [main] SauceDemoProjects:43 - Window is maximize
2022-10-09 16:29:30,149  INFO [main] SauceDemoProjects:46 - url is open
2022-10-09 16:29:30,330  INFO [main] SauceDemoProjects:54 - username is enter
2022-10-09 16:29:30,483  INFO [main] SauceDemoProjects:56 - password is enter
2022-10-09 16:29:35,655  INFO [main] SauceDemoProjects:58 - click on loginbutton
2022-10-09 16:29:36,627  INFO [main] SauceDemoProjects:68 - Screenshot is done
2022-10-09 16:29:36,717  INFO [main] SauceDemoProjects:31 - menu button is clicked
2022-10-09 16:29:36,816  INFO [main] SauceDemoProjects:33 - click on logout button
2022-10-09 16:29:37,399  INFO [main] SauceDemoProjects:76 - end of programs
2022-10-09 16:29:39,235  INFO [main] SauceDemoProjects:40 - browser is open
2022-10-09 16:29:39,394  INFO [main] SauceDemoProjects:43 - Window is maximize
2022-10-09 16:29:40,343  INFO [main] SauceDemoProjects:46 - url is open
2022-10-09 16:29:40,570  INFO [main] SauceDemoProjects:54 - username is enter
2022-10-09 16:29:40,693  INFO [main] SauceDemoProjects:56 - password is enter
2022-10-09 16:29:45,834  INFO [main] SauceDemoProjects:58 - click on loginbutton
2022-10-09 16:29:46,456  INFO [main] SauceDemoProjects:68 - Screenshot is done
2022-10-09 16:29:46,518  INFO [main] SauceDemoProjects:33 - bag product is selected
2022-10-09 16:29:47,384  INFO [main] SauceDemoProjects:40 - Product quantity is:1
2022-10-09 16:29:47,511  INFO [main] SauceDemoProjects:76 - end of programs
2022-10-09 16:29:49,412  INFO [main] SauceDemoProjects:40 - browser is open
2022-10-09 16:29:49,577  INFO [main] SauceDemoProjects:43 - Window is maximize
2022-10-09 16:29:50,591  INFO [main] SauceDemoProjects:46 - url is open
2022-10-09 16:29:50,773  INFO [main] SauceDemoProjects:54 - username is enter
2022-10-09 16:29:50,893  INFO [main] SauceDemoProjects:56 - password is enter
2022-10-09 16:29:56,046  INFO [main] SauceDemoProjects:58 - click on loginbutton
2022-10-09 16:29:56,738  INFO [main] SauceDemoProjects:68 - Screenshot is done
2022-10-09 16:29:57,044  INFO [main] SauceDemoProjects:31 - all products are selected
2022-10-09 16:29:58,143  INFO [main] SauceDemoProjects:38 - no of products are=6
2022-10-09 16:29:58,423  INFO [main] SauceDemoProjects:76 - end of programs
2022-10-09 16:30:00,342  INFO [main] SauceDemoProjects:40 - browser is open
2022-10-09 16:30:00,534  INFO [main] SauceDemoProjects:43 - Window is maximize
2022-10-09 16:30:01,991  INFO [main] SauceDemoProjects:46 - url is open
2022-10-09 16:30:02,210  INFO [main] SauceDemoProjects:54 - username is enter
2022-10-09 16:30:02,314  INFO [main] SauceDemoProjects:56 - password is enter
2022-10-09 16:30:07,491  INFO [main] SauceDemoProjects:58 - click on loginbutton
2022-10-09 16:30:08,143  INFO [main] SauceDemoProjects:68 - Screenshot is done
2022-10-09 16:30:14,009  INFO [main] SauceDemoProjects:31 - dropFiltertext:Price (high to low)
2022-10-09 16:30:14,342  INFO [main] SauceDemoProjects:76 - end of programs
2022-10-11 15:19:24,304  INFO [main] SauceDemoProjects:40 - browser is open
2022-10-11 15:19:24,463  INFO [main] SauceDemoProjects:43 - Window is maximize
2022-10-11 15:19:25,474  INFO [main] SauceDemoProjects:46 - url is open
2022-10-11 15:19:25,683  INFO [main] SauceDemoProjects:55 - username is enter
2022-10-11 15:19:25,781  INFO [main] SauceDemoProjects:57 - password is enter
2022-10-11 15:19:30,893  INFO [main] SauceDemoProjects:59 - click on loginbutton
2022-10-11 15:19:31,613  INFO [main] SauceDemoProjects:69 - Screenshot is done
2022-10-11 15:19:31,629  INFO [main] SauceDemoProjects:27 - apply validation
2022-10-11 15:19:32,290  INFO [main] SauceDemoProjects:77 - end of programs
2022-10-11 15:19:33,248  INFO [main] SauceDemoProjects:40 - browser is open
2022-10-11 15:19:33,409  INFO [main] SauceDemoProjects:43 - Window is maximize
2022-10-11 15:19:34,505  INFO [main] SauceDemoProjects:46 - url is open
2022-10-11 15:19:34,667  INFO [main] SauceDemoProjects:55 - username is enter
2022-10-11 15:19:34,794  INFO [main] SauceDemoProjects:57 - password is enter
2022-10-11 15:19:39,931  INFO [main] SauceDemoProjects:59 - click on loginbutton
2022-10-11 15:19:40,527  INFO [main] SauceDemoProjects:69 - Screenshot is done
2022-10-11 15:19:40,581  INFO [main] SauceDemoProjects:31 - menu button is clicked
2022-10-11 15:19:40,782  INFO [main] SauceDemoProjects:77 - end of programs
2022-10-11 15:19:41,583  INFO [main] SauceDemoProjects:40 - browser is open
2022-10-11 15:19:41,728  INFO [main] SauceDemoProjects:43 - Window is maximize
2022-10-11 15:19:42,617  INFO [main] SauceDemoProjects:46 - url is open
2022-10-11 15:19:42,775  INFO [main] SauceDemoProjects:55 - username is enter
2022-10-11 15:19:42,881  INFO [main] SauceDemoProjects:57 - password is enter
2022-10-11 15:19:48,007  INFO [main] SauceDemoProjects:59 - click on loginbutton
2022-10-11 15:19:48,548  INFO [main] SauceDemoProjects:69 - Screenshot is done
2022-10-11 15:19:48,597  INFO [main] SauceDemoProjects:33 - bag product is selected
2022-10-11 15:19:49,009  INFO [main] SauceDemoProjects:40 - Product quantity is:1
2022-10-11 15:19:49,101  INFO [main] SauceDemoProjects:77 - end of programs
2022-10-11 15:19:50,091  INFO [main] SauceDemoProjects:40 - browser is open
2022-10-11 15:19:50,225  INFO [main] SauceDemoProjects:43 - Window is maximize
2022-10-11 15:19:51,057  INFO [main] SauceDemoProjects:46 - url is open
2022-10-11 15:19:51,214  INFO [main] SauceDemoProjects:55 - username is enter
2022-10-11 15:19:51,316  INFO [main] SauceDemoProjects:57 - password is enter
2022-10-11 15:19:56,439  INFO [main] SauceDemoProjects:59 - click on loginbutton
2022-10-11 15:19:56,921  INFO [main] SauceDemoProjects:69 - Screenshot is done
2022-10-11 15:19:57,156  INFO [main] SauceDemoProjects:31 - all products are selected
2022-10-11 15:19:57,658  INFO [main] SauceDemoProjects:38 - no of products are=6
2022-10-11 15:19:57,778  INFO [main] SauceDemoProjects:77 - end of programs
2022-10-11 15:19:58,737  INFO [main] SauceDemoProjects:40 - browser is open
2022-10-11 15:19:58,869  INFO [main] SauceDemoProjects:43 - Window is maximize
2022-10-11 15:20:00,087  INFO [main] SauceDemoProjects:46 - url is open
2022-10-11 15:20:00,249  INFO [main] SauceDemoProjects:55 - username is enter
2022-10-11 15:20:00,355  INFO [main] SauceDemoProjects:57 - password is enter
2022-10-11 15:20:05,467  INFO [main] SauceDemoProjects:59 - click on loginbutton
2022-10-11 15:20:05,962  INFO [main] SauceDemoProjects:69 - Screenshot is done
2022-10-11 15:20:11,590  INFO [main] SauceDemoProjects:31 - dropFiltertext:Price (high to low)
2022-10-11 15:20:11,669  INFO [main] SauceDemoProjects:77 - end of programs
